Replace Part BT1 Nut Nhan 4 Chan SMD 6x6 in D:\CMN's DATA\Altium\Projests\stm32_shield_3led\3LED_3Button\3LED_3Button.SchDoc with Nut Nhan 4 Chan SMD 6x6 from Altium_Lib_by_KhueNguyenCreator.IntLib
Replace Part BT2 Nut Nhan 2 Chan SMD 3x6x2.5 in D:\CMN's DATA\Altium\Projests\stm32_shield_3led\3LED_3Button\3LED_3Button.SchDoc with Nut Nhan 2 Chan SMD 3x6x2.5 from Altium_Lib_by_KhueNguyenCreator.IntLib
Replace Part C1 Tu gom 104 50V in D:\CMN's DATA\Altium\Projests\stm32_shield_3led\3LED_3Button\3LED_3Button.SchDoc with Tu gom 104 50V from Altium_Lib_by_KhueNguyenCreator.IntLib
Replace Part C2 Tu gom 104 50V in D:\CMN's DATA\Altium\Projests\stm32_shield_3led\3LED_3Button\3LED_3Button.SchDoc with Tu gom 104 50V from Altium_Lib_by_KhueNguyenCreator.IntLib
Replace Part C3 Tu gom 104 50V in D:\CMN's DATA\Altium\Projests\stm32_shield_3led\3LED_3Button\3LED_3Button.SchDoc with Tu gom 104 50V from Altium_Lib_by_KhueNguyenCreator.IntLib
Replace Part C4 Tu 0603 104 50V 10% in D:\CMN's DATA\Altium\Projests\stm32_shield_3led\3LED_3Button\3LED_3Button.SchDoc with Tu 0603 104 50V 10% from Altium_Lib_by_KhueNguyenCreator.IntLib
Replace Part C5 Tu 0603 104 50V 10% in D:\CMN's DATA\Altium\Projests\stm32_shield_3led\3LED_3Button\3LED_3Button.SchDoc with Tu 0603 104 50V 10% from Altium_Lib_by_KhueNguyenCreator.IntLib
Replace Part L1 LED 1206 Xanh La in D:\CMN's DATA\Altium\Projests\stm32_shield_3led\3LED_3Button\3LED_3Button.SchDoc with LED 1206 Xanh La from Altium_Lib_by_KhueNguyenCreator.IntLib
Replace Part L2 LED 1206 Xanh Duong in D:\CMN's DATA\Altium\Projests\stm32_shield_3led\3LED_3Button\3LED_3Button.SchDoc with LED 1206 Xanh Duong from Altium_Lib_by_KhueNguyenCreator.IntLib
Replace Part LED1 LED in D:\CMN's DATA\Altium\Projests\stm32_shield_3led\3LED_3Button\3LED_3Button.SchDoc with LED from syhaunguyen.IntLib
Replace Part LED2 LED in D:\CMN's DATA\Altium\Projests\stm32_shield_3led\3LED_3Button\3LED_3Button.SchDoc with LED from syhaunguyen.IntLib
Replace Part LED3 LED in D:\CMN's DATA\Altium\Projests\stm32_shield_3led\3LED_3Button\3LED_3Button.SchDoc with LED from syhaunguyen.IntLib
Replace Part LED4 LED SMD 0603 in D:\CMN's DATA\Altium\Projests\stm32_shield_3led\3LED_3Button\3LED_3Button.SchDoc with LED SMD 0603 from My library altium.IntLib
Replace Part R1 Tro Vach 1/4W 5% 680k in D:\CMN's DATA\Altium\Projests\stm32_shield_3led\3LED_3Button\3LED_3Button.SchDoc with Tro Vach 1/4W 5% 680k from Altium_Lib_by_KhueNguyenCreator.IntLib
Replace Part R2 Tro Vach 1/4W 5% 680k in D:\CMN's DATA\Altium\Projests\stm32_shield_3led\3LED_3Button\3LED_3Button.SchDoc with Tro Vach 1/4W 5% 680k from Altium_Lib_by_KhueNguyenCreator.IntLib
Replace Part R3 Tro Vach 1/4W 5% 680k in D:\CMN's DATA\Altium\Projests\stm32_shield_3led\3LED_3Button\3LED_3Button.SchDoc with Tro Vach 1/4W 5% 680k from Altium_Lib_by_KhueNguyenCreator.IntLib
Replace Part R4 Tro Vach 1/2W 5% 10k in D:\CMN's DATA\Altium\Projests\stm32_shield_3led\3LED_3Button\3LED_3Button.SchDoc with Tro Vach 1/2W 5% 10k from Altium_Lib_by_KhueNguyenCreator.IntLib
Replace Part R5 Tro Vach 1/2W 5% 10k in D:\CMN's DATA\Altium\Projests\stm32_shield_3led\3LED_3Button\3LED_3Button.SchDoc with Tro Vach 1/2W 5% 10k from Altium_Lib_by_KhueNguyenCreator.IntLib
Replace Part R6 Tro Vach 1/2W 5% 10k in D:\CMN's DATA\Altium\Projests\stm32_shield_3led\3LED_3Button\3LED_3Button.SchDoc with Tro Vach 1/2W 5% 10k from Altium_Lib_by_KhueNguyenCreator.IntLib
Replace Part R7 RES_0402 in D:\CMN's DATA\Altium\Projests\stm32_shield_3led\3LED_3Button\3LED_3Button.SchDoc with RES_0402 from My library altium.IntLib
Replace Part R8 Tro 1206 5% 680R in D:\CMN's DATA\Altium\Projests\stm32_shield_3led\3LED_3Button\3LED_3Button.SchDoc with Tro 1206 5% 680R from Altium_Lib_by_KhueNguyenCreator.IntLib
Replace Part R9 Tro 0805 1% 680R in D:\CMN's DATA\Altium\Projests\stm32_shield_3led\3LED_3Button\3LED_3Button.SchDoc with Tro 0805 1% 680R from Altium_Lib_by_KhueNguyenCreator.IntLib
Replace Part R10 Tro 0603 1% 680R in D:\CMN's DATA\Altium\Projests\stm32_shield_3led\3LED_3Button\3LED_3Button.SchDoc with Tro 0603 1% 680R from Altium_Lib_by_KhueNguyenCreator.IntLib
Replace Part R11 RES_0402 in D:\CMN's DATA\Altium\Projests\stm32_shield_3led\3LED_3Button\3LED_3Button.SchDoc with RES_0402 from My library altium.IntLib
Replace Part SW1 SW4 in D:\CMN's DATA\Altium\Projests\stm32_shield_3led\3LED_3Button\3LED_3Button.SchDoc with SW4 from syhaunguyen.IntLib
Replace Part SW2 SW4 in D:\CMN's DATA\Altium\Projests\stm32_shield_3led\3LED_3Button\3LED_3Button.SchDoc with SW4 from syhaunguyen.IntLib
Replace Part SW3 SW4 in D:\CMN's DATA\Altium\Projests\stm32_shield_3led\3LED_3Button\3LED_3Button.SchDoc with SW4 from syhaunguyen.IntLib
Replace Part U1 stm32f103 blue pill in D:\CMN's DATA\Altium\Projests\stm32_shield_3led\3LED_3Button\3LED_3Button.SchDoc with stm32f103 blue pill from CMN.IntLib
